[2021-10-30 22:53:58,166 | [main2] | main() ] Starting execution: 2021/10/30-10:53:58 PM
[2021-10-30 22:53:58,167 | [main2] | main() ] Parsed arguments: Namespace(input='input_5.txt', output='20211030-225358', population='1000', mutation='0.75', crossover='3', crossoverrate='1', generation='300', populationinit='1', populationdecayrate='.50', parentselection='3', verbose='1')
[2021-10-30 22:53:58,173 | [graph] | __init__() ] Initialized graph
[2021-10-30 22:53:59,262 | [genetic] | run_genetic_algorithm() ] Starting genetic algorithm
[2021-10-30 22:53:59,262 | [genetic] | run_genetic_algorithm() ] Current generation: 1
[2021-10-30 22:54:02,858 | [genetic] | run_genetic_algorithm() ] #1 generation cost: 8675.0, path: [26. 43. 15. 41. 39. 24. 11. 37.  0. 40. 27. 34. 14. 18. 20.  4. 17. 45.
 48.  8. 10.  6. 29. 19. 25. 22. 31. 30.  2. 28.  3. 47. 36. 32. 44. 49.
 35. 33. 42.  5. 13.  7. 16. 21.  9.  1. 46. 12. 38. 23.], population size: 500
[2021-10-30 22:54:02,858 | [genetic] | run_genetic_algorithm() ] Current generation: 2
[2021-10-30 22:54:04,406 | [genetic] | run_genetic_algorithm() ] #2 generation cost: 8675.0, path: [26. 43. 15. 41. 39. 24. 11. 37.  0. 40. 27. 34. 14. 18. 20.  4. 17. 45.
 48.  8. 10.  6. 29. 19. 25. 22. 31. 30.  2. 28.  3. 47. 36. 32. 44. 49.
 35. 33. 42.  5. 13.  7. 16. 21.  9.  1. 46. 12. 38. 23.], population size: 250
[2021-10-30 22:54:04,407 | [genetic] | run_genetic_algorithm() ] Current generation: 3
[2021-10-30 22:54:05,169 | [genetic] | run_genetic_algorithm() ] #3 generation cost: 8281.0, path: [11. 48.  8. 22.  2.  3. 35. 42. 10. 37.  7. 45. 44. 32. 27. 36. 43. 14.
 17. 24. 47. 31. 34. 15. 19. 25. 29. 28. 30.  4. 33.  0. 21. 39. 26. 40.
 49. 18. 20.  6. 46. 16. 41. 13. 38.  1.  5.  9. 23. 12.], population size: 125
[2021-10-30 22:54:05,169 | [genetic] | run_genetic_algorithm() ] Current generation: 4
[2021-10-30 22:54:05,487 | [genetic] | run_genetic_algorithm() ] #4 generation cost: 6942.0, path: [17. 48. 15. 47. 37.  8. 11. 44. 32.  3. 24. 22. 45.  7.  2. 27. 10. 30.
 29. 25.  9.  5. 19.  0. 21.  6. 43. 14. 40. 36. 16. 18. 34. 35. 42. 39.
 28. 31. 33.  1.  4. 20. 41. 26. 46. 38. 49. 13. 23. 12.], population size: 62
[2021-10-30 22:54:05,487 | [genetic] | run_genetic_algorithm() ] Current generation: 5
[2021-10-30 22:54:05,640 | [genetic] | run_genetic_algorithm() ] #5 generation cost: 6942.0, path: [17. 48. 15. 47. 37.  8. 11. 44. 32.  3. 24. 22. 45.  7.  2. 27. 10. 30.
 29. 25.  9.  5. 19.  0. 21.  6. 43. 14. 40. 36. 16. 18. 34. 35. 42. 39.
 28. 31. 33.  1.  4. 20. 41. 26. 46. 38. 49. 13. 23. 12.], population size: 31
[2021-10-30 22:54:05,641 | [genetic] | run_genetic_algorithm() ] Current generation: 6
[2021-10-30 22:54:05,726 | [genetic] | run_genetic_algorithm() ] #6 generation cost: 6942.0, path: [17. 48. 15. 47. 37.  8. 11. 44. 32.  3. 24. 22. 45.  7.  2. 27. 10. 30.
 29. 25.  9.  5. 19.  0. 21.  6. 43. 14. 40. 39. 16. 18. 34. 35. 42. 36.
 28. 31. 33.  1.  4. 20. 41. 26. 46. 38. 49. 13. 23. 12.], population size: 15
[2021-10-30 22:54:05,726 | [genetic] | run_genetic_algorithm() ] Current generation: 7
[2021-10-30 22:54:05,771 | [genetic] | run_genetic_algorithm() ] #7 generation cost: 6942.0, path: [17. 48. 15. 47. 37.  8. 11. 44. 32.  3. 24. 22. 45.  7.  2. 27. 10. 30.
 29. 25.  9.  5. 19.  0. 23.  6. 43. 14. 40. 36. 16. 18. 34. 35. 42. 39.
 28. 31. 33.  1.  4. 20. 41. 26. 46. 38. 49. 13. 21. 12.], population size: 7
[2021-10-30 22:54:05,771 | [genetic] | run_genetic_algorithm() ] Current generation: 8
[2021-10-30 22:54:05,793 | [genetic] | run_genetic_algorithm() ] #8 generation cost: 6942.0, path: [17. 48. 15. 47. 37.  8. 11. 44. 32.  3. 24. 22. 45.  7.  2. 27. 10. 30.
 29. 25.  9.  5. 19.  0. 21.  6. 43. 14. 40. 39. 16. 18. 34. 35. 42. 36.
 28. 31. 33.  1.  4. 20. 41. 26. 46. 38. 49. 13. 23. 12.], population size: 3
[2021-10-30 22:54:05,793 | [genetic] | run_genetic_algorithm() ] Current generation: 9
[2021-10-30 22:54:05,804 | [genetic] | run_genetic_algorithm() ] #9 generation cost: 6942.0, path: [17. 48. 15. 47. 37.  8. 11. 44. 32.  3. 24. 22. 45.  7.  2. 27. 10. 30.
 29. 25.  9.  5. 19.  0. 21.  6. 43. 14. 40. 39. 16. 18. 34. 35. 42. 36.
 28. 31. 33.  1.  4. 20. 41. 26. 46. 38. 49. 13. 23. 12.], population size: 1
